2022-03-01 00:12:35.948 INFO  o.s.scheduling.concurrent.ThreadPoolTaskExecutor  :218  [32m                  [0;39m Shutting down ExecutorService 'applicationTaskExecutor'
2022-03-01 00:12:36.251 INFO  com.alibaba.druid.pool.DruidDataSource            :2029 [32m                  [0;39m {dataSource-1} closing ...
2022-03-01 00:12:36.257 INFO  com.alibaba.druid.pool.DruidDataSource            :2101 [32m                  [0;39m {dataSource-1} closed
2022-03-01 00:14:15.209 INFO  org.hibernate.validator.internal.util.Version     :21   [32m                  [0;39m HV000001: Hibernate Validator 6.1.6.Final
2022-03-01 00:14:15.221 INFO  pers.jl.wiki.WikiApplication                      :55   [32m                  [0;39m Starting WikiApplication using Java 1.8.0_271 on DESKTOP-3I5LREP with PID 8548 (G:\ProjectSpace\IdeaProjects\PersProjects\wiki\target\classes started by DJ in G:\ProjectSpace\IdeaProjects\PersProjects\wiki)
2022-03-01 00:14:15.227 INFO  pers.jl.wiki.WikiApplication                      :660  [32m                  [0;39m No active profile set, falling back to default profiles: default
2022-03-01 00:14:15.358 INFO  o.s.b.d.env.DevToolsPropertyDefaultsPostProcessor :255  [32m                  [0;39m Devtools property defaults active! Set 'spring.devtools.add-properties' to 'false' to disable
2022-03-01 00:14:15.359 INFO  o.s.b.d.env.DevToolsPropertyDefaultsPostProcessor :255  [32m                  [0;39m For additional web related logging consider setting the 'logging.level.web' property to 'DEBUG'
2022-03-01 00:14:18.695 INFO  o.s.d.r.config.RepositoryConfigurationDelegate    :250  [32m                  [0;39m Multiple Spring Data modules found, entering strict repository configuration mode!
2022-03-01 00:14:18.699 INFO  o.s.d.r.config.RepositoryConfigurationDelegate    :128  [32m                  [0;39m Bootstrapping Spring Data Redis repositories in DEFAULT mode.
2022-03-01 00:14:18.765 INFO  o.s.d.r.config.RepositoryConfigurationDelegate    :188  [32m                  [0;39m Finished Spring Data repository scanning in 30 ms. Found 0 Redis repository interfaces.
2022-03-01 00:14:20.542 INFO  o.s.boot.web.embedded.tomcat.TomcatWebServer      :108  [32m                  [0;39m Tomcat initialized with port(s): 8080 (http)
2022-03-01 00:14:20.563 INFO  org.apache.coyote.http11.Http11NioProtocol        :173  [32m                  [0;39m Initializing ProtocolHandler ["http-nio-8080"]
2022-03-01 00:14:20.564 INFO  org.apache.catalina.core.StandardService          :173  [32m                  [0;39m Starting service [Tomcat]
2022-03-01 00:14:20.565 INFO  org.apache.catalina.core.StandardEngine           :173  [32m                  [0;39m Starting Servlet engine: [Apache Tomcat/9.0.39]
2022-03-01 00:14:20.783 INFO  o.a.c.core.ContainerBase.[Tomcat].[localhost].[/] :173  [32m                  [0;39m Initializing Spring embedded WebApplicationContext
2022-03-01 00:14:20.787 INFO  o.s.b.w.s.c.ServletWebServerApplicationContext    :289  [32m                  [0;39m Root WebApplicationContext: initialization completed in 5427 ms
2022-03-01 00:14:21.277 INFO  c.a.d.s.b.a.DruidDataSourceAutoConfigure          :56   [32m                  [0;39m Init DruidDataSource
2022-03-01 00:14:21.562 INFO  com.alibaba.druid.pool.DruidDataSource            :994  [32m                  [0;39m {dataSource-1} inited
2022-03-01 00:14:22.947 INFO  o.s.b.actuate.endpoint.web.EndpointLinksResolver  :58   [32m                  [0;39m Exposing 2 endpoint(s) beneath base path '/actuator'
2022-03-01 00:14:23.381 INFO  o.s.scheduling.concurrent.ThreadPoolTaskExecutor  :181  [32m                  [0;39m Initializing ExecutorService 'applicationTaskExecutor'
2022-03-01 00:14:23.441 INFO  o.s.b.d.autoconfigure.OptionalLiveReloadServer    :58   [32m                  [0;39m LiveReload server is running on port 35729
2022-03-01 00:14:24.214 INFO  org.apache.coyote.http11.Http11NioProtocol        :173  [32m                  [0;39m Starting ProtocolHandler ["http-nio-8080"]
2022-03-01 00:14:24.246 INFO  o.s.boot.web.embedded.tomcat.TomcatWebServer      :220  [32m                  [0;39m Tomcat started on port(s): 8080 (http) with context path ''
2022-03-01 00:14:24.574 INFO  pers.jl.wiki.WikiApplication                      :61   [32m                  [0;39m Started WikiApplication in 10.745 seconds (JVM running for 14.096)
2022-03-01 00:14:25.143 INFO  o.a.c.core.ContainerBase.[Tomcat].[localhost].[/] :173  [32m                  [0;39m Initializing Spring DispatcherServlet 'dispatcherServlet'
2022-03-01 00:14:25.144 INFO  org.springframework.web.servlet.DispatcherServlet :525  [32m                  [0;39m Initializing Servlet 'dispatcherServlet'
2022-03-01 00:14:25.148 INFO  org.springframework.web.servlet.DispatcherServlet :547  [32m                  [0;39m Completed initialization in 3 ms
2022-03-01 00:18:16.833 INFO  o.s.scheduling.concurrent.ThreadPoolTaskExecutor  :218  [32m                  [0;39m Shutting down ExecutorService 'applicationTaskExecutor'
2022-03-01 00:18:16.978 INFO  com.alibaba.druid.pool.DruidDataSource            :2029 [32m                  [0;39m {dataSource-1} closing ...
2022-03-01 00:18:16.986 INFO  com.alibaba.druid.pool.DruidDataSource            :2101 [32m                  [0;39m {dataSource-1} closed
